C:\USERS\LUANG-ROUEN\DESKTOP\WS-PSNR\DEBUG\WS-PSNR.EXE
C:\USERS\LUANG-ROUEN\DESKTOP\WS-PSNR\DEBUG\WS-PSNR.ILK
C:\USERS\LUANG-ROUEN\DESKTOP\WS-PSNR\DEBUG\WS-PSNR.PDB
C:\USERS\LUANG-ROUEN\DESKTOP\WS-PSNR\WS-PSNR\DEBUG\MAIN.OBJ
C:\USERS\LUANG-ROUEN\DESKTOP\WS-PSNR\WS-PSNR\DEBUG\VC100.PDB
C:\USERS\LUANG-ROUEN\DESKTOP\WS-PSNR\WS-PSNR\DEBUG\WS-PSNR.EXE.INTERMEDIATE.MANIFEST
D:\Users\Administrator\Desktop\WS-PSNR\WS-PSNR\Debug\WS-PSNR.exe
D:\Users\Administrator\Desktop\WS-PSNR\WS-PSNR\Debug\WS-PSNR.ilk
D:\Users\Administrator\Desktop\WS-PSNR\WS-PSNR\Debug\WS-PSNR.pdb
D:\Users\Administrator\Desktop\WS-PSNR\WS-PSNR\WS-PSNR\Debug\cl.command.1.tlog
D:\Users\Administrator\Desktop\WS-PSNR\WS-PSNR\WS-PSNR\Debug\CL.read.1.tlog
D:\Users\Administrator\Desktop\WS-PSNR\WS-PSNR\WS-PSNR\Debug\CL.write.1.tlog
D:\Users\Administrator\Desktop\WS-PSNR\WS-PSNR\WS-PSNR\Debug\link.command.1.tlog
D:\Users\Administrator\Desktop\WS-PSNR\WS-PSNR\WS-PSNR\Debug\link.read.1.tlog
D:\Users\Administrator\Desktop\WS-PSNR\WS-PSNR\WS-PSNR\Debug\link.write.1.tlog
D:\Users\Administrator\Desktop\WS-PSNR\WS-PSNR\WS-PSNR\Debug\main.obj
D:\Users\Administrator\Desktop\WS-PSNR\WS-PSNR\WS-PSNR\Debug\mt.command.1.tlog
D:\Users\Administrator\Desktop\WS-PSNR\WS-PSNR\WS-PSNR\Debug\mt.read.1.tlog
D:\Users\Administrator\Desktop\WS-PSNR\WS-PSNR\WS-PSNR\Debug\mt.write.1.tlog
D:\Users\Administrator\Desktop\WS-PSNR\WS-PSNR\WS-PSNR\Debug\vc100.idb
D:\Users\Administrator\Desktop\WS-PSNR\WS-PSNR\WS-PSNR\Debug\vc100.pdb
D:\Users\Administrator\Desktop\WS-PSNR\WS-PSNR\WS-PSNR\Debug\WS-PSNR.exe.intermediate.manifest
D:\Users\Administrator\Desktop\WS-PSNR\WS-PSNR\WS-PSNR\Debug\WS-PSNR.vcxprojResolveAssemblyReference.cache
D:\Users\Administrator\Desktop\WS-PSNR\WS-PSNR\WS-PSNR\Debug\WS-PSNR.write.1.tlog
F:\研究生\3D 工作文档\SOFTWARE\WS-PSNR\WS-PSNR\DEBUG\WS-PSNR.EXE
F:\研究生\3D 工作文档\SOFTWARE\WS-PSNR\WS-PSNR\DEBUG\WS-PSNR.ILK
F:\研究生\3D 工作文档\SOFTWARE\WS-PSNR\WS-PSNR\DEBUG\WS-PSNR.PDB
F:\研究生\3D 工作文档\SOFTWARE\WS-PSNR\WS-PSNR\WS-PSNR\DEBUG\MAIN.OBJ
F:\研究生\3D 工作文档\SOFTWARE\WS-PSNR\WS-PSNR\WS-PSNR\DEBUG\VC100.PDB
F:\研究生\3D 工作文档\SOFTWARE\WS-PSNR\WS-PSNR\WS-PSNR\DEBUG\WS-PSNR.EXE.INTERMEDIATE.MANIFEST
